<?xml version="1.0" encoding="UTF-8"?>
<!-- Generated by org.testng.reporters.JUnitXMLReporter -->
<testsuite ignored="0" hostname="DESKTOP-2J5KE05" failures="3" tests="9" name="TestNg different Feature topics" time="20.272" errors="0" timestamp="2022-05-16T23:30:24 IST">
  <testcase classname="testNGProgram.TestNGAnnotation" name="testCase1" time="0.004"/>
  <testcase classname="testNGProgram.TestNGAnnotation" name="testcase2" time="0.001"/>
  <testcase classname="testNGProgram.TestNGAnnotation" name="testcase3" time="0.002"/>
  <testcase classname="testNGProgram.TestNGProgram1" name="verifyActiTimeHomePageLogo" time="0.039">
    <failure type="org.openqa.selenium.NoSuchElementException" message="no such element: Unable to locate element: {&amp;quot;method&amp;quot;:&amp;quot;xpath&amp;quot;,&amp;quot;selector&amp;quot;:&amp;quot;//img[@src=&amp;apos;/img/default/top_nav/default-logo.png?hash=274618146&amp;apos;]&amp;quot;}
  (Session info: chrome=101.0.4951.54)
For documentation on this error, please visit: https://www.seleniumhq.org/exceptions/no_such_element.html
Build info: version: &amp;apos;3.141.59&amp;apos;, revision: &amp;apos;e82be7d358&amp;apos;, time: &amp;apos;2018-11-14T08:17:03&amp;apos;
System info: host: &amp;apos;DESKTOP-2J5KE05&amp;apos;, ip: &amp;apos;192.168.1.4&amp;apos;, os.name: &amp;apos;Windows 11&amp;apos;, os.arch: &amp;apos;amd64&amp;apos;, os.version: &amp;apos;10.0&amp;apos;, java.version: &amp;apos;17.0.2&amp;apos;
Driver info: org.openqa.selenium.chrome.ChromeDriver
Capabilities {acceptInsecureCerts: false, browserName: chrome, browserVersion: 101.0.4951.54, chrome: {chromedriverVersion: 100.0.4896.60 (6a5d10861ce8..., userDataDir: C:\Users\DELL\AppData\Local...}, goog:chromeOptions: {debuggerAddress: localhost:52820}, javascriptEnabled: true, networkConnectionEnabled: false, pageLoadStrategy: normal, platform: WINDOWS, platformName: WINDOWS, proxy: Proxy(), setWindowRect: true, strictFileInteractability: false, timeouts: {implicit: 0, pageLoad: 300000, script: 30000}, unhandledPromptBehavior: dismiss and notify, webauthn:extension:credBlob: true, webauthn:extension:largeBlob: true, webauthn:virtualAuthenticators: true}
Session ID: 1830f7c9cd44b65a6f4fb1bb7f657b92
*** Element info: {Using=xpath, value=//img[@src=&amp;apos;/img/default/top_nav/default-logo.png?hash=274618146&amp;apos;]}">
      <![CDATA[org.openqa.selenium.NoSuchElementException: no such element: Unable to locate element: {"method":"xpath","selector":"//img[@src='/img/default/top_nav/default-logo.png?hash=274618146']"}
  (Session info: chrome=101.0.4951.54)
For documentation on this error, please visit: https://www.seleniumhq.org/exceptions/no_such_element.html
Build info: version: '3.141.59', revision: 'e82be7d358', time: '2018-11-14T08:17:03'
System info: host: 'DESKTOP-2J5KE05', ip: '192.168.1.4', os.name: 'Windows 11', os.arch: 'amd64', os.version: '10.0', java.version: '17.0.2'
Driver info: org.openqa.selenium.chrome.ChromeDriver
Capabilities {acceptInsecureCerts: false, browserName: chrome, browserVersion: 101.0.4951.54, chrome: {chromedriverVersion: 100.0.4896.60 (6a5d10861ce8..., userDataDir: C:\Users\DELL\AppData\Local...}, goog:chromeOptions: {debuggerAddress: localhost:52820}, javascriptEnabled: true, networkConnectionEnabled: false, pageLoadStrategy: normal, platform: WINDOWS, platformName: WINDOWS, proxy: Proxy(), setWindowRect: true, strictFileInteractability: false, timeouts: {implicit: 0, pageLoad: 300000, script: 30000}, unhandledPromptBehavior: dismiss and notify, webauthn:extension:credBlob: true, webauthn:extension:largeBlob: true, webauthn:virtualAuthenticators: true}
Session ID: 1830f7c9cd44b65a6f4fb1bb7f657b92
*** Element info: {Using=xpath, value=//img[@src='/img/default/top_nav/default-logo.png?hash=274618146']}
at org.openqa.selenium.remote.http.W3CHttpResponseCodec.createException(W3CHttpResponseCodec.java:187)
at org.openqa.selenium.remote.http.W3CHttpResponseCodec.decode(W3CHttpResponseCodec.java:122)
at org.openqa.selenium.remote.http.W3CHttpResponseCodec.decode(W3CHttpResponseCodec.java:49)
at org.openqa.selenium.remote.HttpCommandExecutor.execute(HttpCommandExecutor.java:158)
at org.openqa.selenium.remote.service.DriverCommandExecutor.execute(DriverCommandExecutor.java:83)
at org.openqa.selenium.remote.RemoteWebDriver.execute(RemoteWebDriver.java:552)
at org.openqa.selenium.remote.RemoteWebDriver.findElement(RemoteWebDriver.java:323)
at org.openqa.selenium.remote.RemoteWebDriver.findElementByXPath(RemoteWebDriver.java:428)
at org.openqa.selenium.By$ByXPath.findElement(By.java:353)
at org.openqa.selenium.remote.RemoteWebDriver.findElement(RemoteWebDriver.java:315)
at testNGProgram.TestNGProgram1.verifyActiTimeHomePageLogo(TestNGProgram1.java:32)
at java.base/java.util.ArrayList.forEach(ArrayList.java:1511)
... Removed 32 stack frames]]>
    </failure>
  </testcase> <!-- verifyActiTimeHomePageLogo -->
  <testcase classname="testNGProgram.TestNGProgram1" name="veryfyActiTimeHomePageTasksTab" time="2.382"/>
  <testcase classname="testNGProgram.TestNGProgram1" name="verifyActiTimeHomePageLogoutLink" time="0.594"/>
  <testcase classname="testNGProgram.TestNGProgram2" name="verifyActiTimeHomePageLogo" time="0.668">
    <failure type="java.lang.AssertionError" message="Logo is NOT Visible expected [false] but found [true]">
      <![CDATA[java.lang.AssertionError: Logo is NOT Visible expected [false] but found [true]
at testNGProgram.TestNGProgram2.verifyActiTimeHomePageLogo(TestNGProgram2.java:45)
at java.base/java.util.ArrayList.forEach(ArrayList.java:1511)
... Removed 31 stack frames]]>
    </failure>
  </testcase> <!-- verifyActiTimeHomePageLogo -->
  <testcase classname="testNGProgram.TestNGProgram2" name="verifyActiTimeHomePageTasksTab" time="0.676">
    <failure type="java.lang.AssertionError" message="ujagjagka expected [false] but found [true]">
      <![CDATA[java.lang.AssertionError: ujagjagka expected [false] but found [true]
at testNGProgram.TestNGProgram2.verifyActiTimeHomePageTasksTab(TestNGProgram2.java:64)
at java.base/java.util.ArrayList.forEach(ArrayList.java:1511)
... Removed 30 stack frames]]>
    </failure>
  </testcase> <!-- verifyActiTimeHomePageTasksTab -->
  <testcase classname="testNGProgram.TestNGProgram2" name="verifyActiTimeHomePageLogoutLink" time="0.668"/>
</testsuite> <!-- TestNg different Feature topics -->
